INFO - 2024-10-05 10:33:23 --> Session: Class initialized using 'CodeIgniter\Session\Handlers\FileHandler' driver.
INFO - 2024-10-05 13:56:45 --> Session: Class initialized using 'CodeIgniter\Session\Handlers\FileHandler' driver.
INFO - 2024-10-05 13:56:53 --> Session: Class initialized using 'CodeIgniter\Session\Handlers\FileHandler' driver.
INFO - 2024-10-05 13:56:54 --> Session: Class initialized using 'CodeIgniter\Session\Handlers\FileHandler' driver.
INFO - 2024-10-05 13:56:57 --> Session: Class initialized using 'CodeIgniter\Session\Handlers\FileHandler' driver.
INFO - 2024-10-05 13:57:07 --> Session: Class initialized using 'CodeIgniter\Session\Handlers\FileHandler' driver.
INFO - 2024-10-05 13:57:08 --> Session: Class initialized using 'CodeIgniter\Session\Handlers\FileHandler' driver.
INFO - 2024-10-05 13:57:11 --> Received ApplicationNo: 4b506335a4e2732d1e8ff231b4f17f85
INFO - 2024-10-05 13:57:11 --> Generated Query: SELECT *
FROM `tblregistration`
WHERE MD5(CONCAT(TRIM(ApplicationNo), "Confirm")) = '4b506335a4e2732d1e8ff231b4f17f85'
 LIMIT 1
INFO - 2024-10-05 13:57:11 --> Client found for ApplicationNo: 15
INFO - 2024-10-05 13:58:49 --> Session: Class initialized using 'CodeIgniter\Session\Handlers\FileHandler' driver.
INFO - 2024-10-05 14:01:06 --> Received ApplicationNo: 4b506335a4e2732d1e8ff231b4f17f85
INFO - 2024-10-05 14:01:06 --> Generated Query: SELECT *
FROM `tblregistration`
WHERE MD5(CONCAT(TRIM(ApplicationNo), "Confirm")) = '4b506335a4e2732d1e8ff231b4f17f85'
 LIMIT 1
INFO - 2024-10-05 14:01:06 --> Client found for ApplicationNo: 15
INFO - 2024-10-05 14:01:14 --> Received ApplicationNo: 08cec5a55d070a659aa1500d07ec55d4
INFO - 2024-10-05 14:01:14 --> Generated Query: SELECT *
FROM `tblregistration`
WHERE MD5(CONCAT(TRIM(ApplicationNo), "Confirm")) = '08cec5a55d070a659aa1500d07ec55d4'
 LIMIT 1
INFO - 2024-10-05 14:01:14 --> Client found for ApplicationNo: 23
INFO - 2024-10-05 14:01:17 --> Received ApplicationNo: 08cd86fbdef51f62c8927f113d7f9e96
INFO - 2024-10-05 14:01:17 --> Generated Query: SELECT *
FROM `tblregistration`
WHERE MD5(CONCAT(TRIM(ApplicationNo), "Confirm")) = '08cd86fbdef51f62c8927f113d7f9e96'
 LIMIT 1
INFO - 2024-10-05 14:01:17 --> Client found for ApplicationNo: 22
INFO - 2024-10-05 14:01:19 --> Received ApplicationNo: d18b4daed73da0cf12ac7d7da9e713ed
INFO - 2024-10-05 14:01:19 --> Generated Query: SELECT *
FROM `tblregistration`
WHERE MD5(CONCAT(TRIM(ApplicationNo), "Confirm")) = 'd18b4daed73da0cf12ac7d7da9e713ed'
 LIMIT 1
INFO - 2024-10-05 14:01:19 --> Client found for ApplicationNo: 17
INFO - 2024-10-05 14:13:03 --> Received ApplicationNo: 4b506335a4e2732d1e8ff231b4f17f85
INFO - 2024-10-05 14:13:03 --> Generated Query: SELECT *
FROM `tblregistration`
WHERE MD5(CONCAT(TRIM(ApplicationNo), "Confirm")) = '4b506335a4e2732d1e8ff231b4f17f85'
 LIMIT 1
INFO - 2024-10-05 14:13:03 --> Client found for ApplicationNo: 15
INFO - 2024-10-05 14:13:14 --> Session: Class initialized using 'CodeIgniter\Session\Handlers\FileHandler' driver.
INFO - 2024-10-05 14:13:16 --> Received ApplicationNo: 4b506335a4e2732d1e8ff231b4f17f85
INFO - 2024-10-05 14:13:16 --> Generated Query: SELECT *
FROM `tblregistration`
WHERE MD5(CONCAT(TRIM(ApplicationNo), "Confirm")) = '4b506335a4e2732d1e8ff231b4f17f85'
 LIMIT 1
INFO - 2024-10-05 14:13:16 --> Client found for ApplicationNo: 15
INFO - 2024-10-05 14:33:15 --> Session: Class initialized using 'CodeIgniter\Session\Handlers\FileHandler' driver.
INFO - 2024-10-05 14:33:16 --> Session: Class initialized using 'CodeIgniter\Session\Handlers\FileHandler' driver.
INFO - 2024-10-05 14:33:20 --> Session: Class initialized using 'CodeIgniter\Session\Handlers\FileHandler' driver.
INFO - 2024-10-05 14:33:21 --> Received ApplicationNo: 4b506335a4e2732d1e8ff231b4f17f85
INFO - 2024-10-05 14:33:21 --> Generated Query: SELECT *
FROM `tblregistration`
WHERE MD5(CONCAT(TRIM(ApplicationNo), "Confirm")) = '4b506335a4e2732d1e8ff231b4f17f85'
 LIMIT 1
INFO - 2024-10-05 14:33:22 --> Client found for ApplicationNo: 15
INFO - 2024-10-05 14:33:25 --> Received ApplicationNo: 08cec5a55d070a659aa1500d07ec55d4
INFO - 2024-10-05 14:33:25 --> Generated Query: SELECT *
FROM `tblregistration`
WHERE MD5(CONCAT(TRIM(ApplicationNo), "Confirm")) = '08cec5a55d070a659aa1500d07ec55d4'
 LIMIT 1
INFO - 2024-10-05 14:33:25 --> Client found for ApplicationNo: 23
INFO - 2024-10-05 14:33:27 --> Received ApplicationNo: 08cd86fbdef51f62c8927f113d7f9e96
INFO - 2024-10-05 14:33:27 --> Generated Query: SELECT *
FROM `tblregistration`
WHERE MD5(CONCAT(TRIM(ApplicationNo), "Confirm")) = '08cd86fbdef51f62c8927f113d7f9e96'
 LIMIT 1
INFO - 2024-10-05 14:33:27 --> Client found for ApplicationNo: 22
INFO - 2024-10-05 14:33:29 --> Received ApplicationNo: f82be2381136750d35f4672c3f0d583d
INFO - 2024-10-05 14:33:29 --> Generated Query: SELECT *
FROM `tblregistration`
WHERE MD5(CONCAT(TRIM(ApplicationNo), "Confirm")) = 'f82be2381136750d35f4672c3f0d583d'
 LIMIT 1
INFO - 2024-10-05 14:33:29 --> Client found for ApplicationNo: 21
INFO - 2024-10-05 14:33:31 --> Session: Class initialized using 'CodeIgniter\Session\Handlers\FileHandler' driver.
INFO - 2024-10-05 14:33:31 --> Session: Class initialized using 'CodeIgniter\Session\Handlers\FileHandler' driver.
INFO - 2024-10-05 21:46:41 --> Session: Class initialized using 'CodeIgniter\Session\Handlers\FileHandler' driver.
INFO - 2024-10-05 21:46:49 --> Session: Class initialized using 'CodeIgniter\Session\Handlers\FileHandler' driver.
INFO - 2024-10-05 21:46:49 --> Session: Class initialized using 'CodeIgniter\Session\Handlers\FileHandler' driver.
INFO - 2024-10-05 21:46:51 --> Session: Class initialized using 'CodeIgniter\Session\Handlers\FileHandler' driver.
INFO - 2024-10-05 21:46:52 --> Session: Class initialized using 'CodeIgniter\Session\Handlers\FileHandler' driver.
INFO - 2024-10-05 21:47:22 --> Session: Class initialized using 'CodeIgniter\Session\Handlers\FileHandler' driver.
INFO - 2024-10-05 21:47:25 --> Received ApplicationNo: 4b506335a4e2732d1e8ff231b4f17f85
INFO - 2024-10-05 21:47:25 --> Generated Query: SELECT *
FROM `tblregistration`
WHERE MD5(CONCAT(TRIM(ApplicationNo), "Confirm")) = '4b506335a4e2732d1e8ff231b4f17f85'
 LIMIT 1
INFO - 2024-10-05 21:47:25 --> Client found for ApplicationNo: 15
INFO - 2024-10-05 21:47:47 --> Session: Class initialized using 'CodeIgniter\Session\Handlers\FileHandler' driver.
INFO - 2024-10-05 21:47:51 --> Session: Class initialized using 'CodeIgniter\Session\Handlers\FileHandler' driver.
INFO - 2024-10-05 21:48:32 --> Session: Class initialized using 'CodeIgniter\Session\Handlers\FileHandler' driver.
INFO - 2024-10-05 21:48:32 --> Session: Class initialized using 'CodeIgniter\Session\Handlers\FileHandler' driver.
