INFO - 2024-10-02 22:21:18 --> Session: Class initialized using 'CodeIgniter\Session\Handlers\FileHandler' driver.
INFO - 2024-10-02 22:21:33 --> Session: Class initialized using 'CodeIgniter\Session\Handlers\FileHandler' driver.
INFO - 2024-10-02 22:21:33 --> Session: Class initialized using 'CodeIgniter\Session\Handlers\FileHandler' driver.
INFO - 2024-10-02 22:21:36 --> Session: Class initialized using 'CodeIgniter\Session\Handlers\FileHandler' driver.
INFO - 2024-10-02 22:21:38 --> Session: Class initialized using 'CodeIgniter\Session\Handlers\FileHandler' driver.
INFO - 2024-10-02 22:21:48 --> Session: Class initialized using 'CodeIgniter\Session\Handlers\FileHandler' driver.
INFO - 2024-10-02 22:22:00 --> Session: Class initialized using 'CodeIgniter\Session\Handlers\FileHandler' driver.
INFO - 2024-10-02 22:22:05 --> Session: Class initialized using 'CodeIgniter\Session\Handlers\FileHandler' driver.
INFO - 2024-10-02 22:28:02 --> Session: Class initialized using 'CodeIgniter\Session\Handlers\FileHandler' driver.
INFO - 2024-10-02 22:28:29 --> Session: Class initialized using 'CodeIgniter\Session\Handlers\FileHandler' driver.
INFO - 2024-10-02 22:29:00 --> Session: Class initialized using 'CodeIgniter\Session\Handlers\FileHandler' driver.
INFO - 2024-10-02 22:29:40 --> Session: Class initialized using 'CodeIgniter\Session\Handlers\FileHandler' driver.
INFO - 2024-10-02 22:30:57 --> Session: Class initialized using 'CodeIgniter\Session\Handlers\FileHandler' driver.
INFO - 2024-10-02 22:31:01 --> Session: Class initialized using 'CodeIgniter\Session\Handlers\FileHandler' driver.
INFO - 2024-10-02 22:31:09 --> Session: Class initialized using 'CodeIgniter\Session\Handlers\FileHandler' driver.
INFO - 2024-10-02 22:31:50 --> Session: Class initialized using 'CodeIgniter\Session\Handlers\FileHandler' driver.
INFO - 2024-10-02 22:31:50 --> Session: Class initialized using 'CodeIgniter\Session\Handlers\FileHandler' driver.
INFO - 2024-10-02 22:31:56 --> Session: Class initialized using 'CodeIgniter\Session\Handlers\FileHandler' driver.
INFO - 2024-10-02 22:45:24 --> Session: Class initialized using 'CodeIgniter\Session\Handlers\FileHandler' driver.
CRITICAL - 2024-10-02 22:45:25 --> ErrorException: Undefined property: stdClass::$UserID
[Method: GET, Route: client/getClientInfo/4b506335a4e2732d1e8ff231b4f17f85]
in APPPATH\Controllers\Client.php on line 230.
 1 APPPATH\Controllers\Client.php(230): CodeIgniter\Debug\Exceptions->errorHandler(2, 'Undefined property: stdClass::$UserID', 'D:\\xampp\\htdocs\\cris\\app\\Controllers\\Client.php', 230)
 2 SYSTEMPATH\CodeIgniter.php(933): App\Controllers\Client->getClientInfo('4b506335a4e2732d1e8ff231b4f17f85')
 3 SYSTEMPATH\CodeIgniter.php(509): CodeIgniter\CodeIgniter->runController(Object(App\Controllers\Client))
 4 SYSTEMPATH\CodeIgniter.php(355): CodeIgniter\CodeIgniter->handleRequest(null, Object(Config\Cache), false)
 5 SYSTEMPATH\Boot.php(325): CodeIgniter\CodeIgniter->run()
 6 SYSTEMPATH\Boot.php(67): CodeIgniter\Boot::runCodeIgniter(Object(CodeIgniter\CodeIgniter))
 7 FCPATH\index.php(56): CodeIgniter\Boot::bootWeb(Object(Config\Paths))
CRITICAL - 2024-10-02 22:46:19 --> ErrorException: Undefined property: stdClass::$UserID
[Method: GET, Route: client/getClientInfo/ca75ac253c433f45a42a81bd3d57efe1]
in APPPATH\Controllers\Client.php on line 230.
 1 APPPATH\Controllers\Client.php(230): CodeIgniter\Debug\Exceptions->errorHandler(2, 'Undefined property: stdClass::$UserID', 'D:\\xampp\\htdocs\\cris\\app\\Controllers\\Client.php', 230)
 2 SYSTEMPATH\CodeIgniter.php(933): App\Controllers\Client->getClientInfo('ca75ac253c433f45a42a81bd3d57efe1')
 3 SYSTEMPATH\CodeIgniter.php(509): CodeIgniter\CodeIgniter->runController(Object(App\Controllers\Client))
 4 SYSTEMPATH\CodeIgniter.php(355): CodeIgniter\CodeIgniter->handleRequest(null, Object(Config\Cache), false)
 5 SYSTEMPATH\Boot.php(325): CodeIgniter\CodeIgniter->run()
 6 SYSTEMPATH\Boot.php(67): CodeIgniter\Boot::runCodeIgniter(Object(CodeIgniter\CodeIgniter))
 7 FCPATH\index.php(56): CodeIgniter\Boot::bootWeb(Object(Config\Paths))
CRITICAL - 2024-10-02 22:46:22 --> ErrorException: Undefined property: stdClass::$UserID
[Method: GET, Route: client/getClientInfo/d18b4daed73da0cf12ac7d7da9e713ed]
in APPPATH\Controllers\Client.php on line 230.
 1 APPPATH\Controllers\Client.php(230): CodeIgniter\Debug\Exceptions->errorHandler(2, 'Undefined property: stdClass::$UserID', 'D:\\xampp\\htdocs\\cris\\app\\Controllers\\Client.php', 230)
 2 SYSTEMPATH\CodeIgniter.php(933): App\Controllers\Client->getClientInfo('d18b4daed73da0cf12ac7d7da9e713ed')
 3 SYSTEMPATH\CodeIgniter.php(509): CodeIgniter\CodeIgniter->runController(Object(App\Controllers\Client))
 4 SYSTEMPATH\CodeIgniter.php(355): CodeIgniter\CodeIgniter->handleRequest(null, Object(Config\Cache), false)
 5 SYSTEMPATH\Boot.php(325): CodeIgniter\CodeIgniter->run()
 6 SYSTEMPATH\Boot.php(67): CodeIgniter\Boot::runCodeIgniter(Object(CodeIgniter\CodeIgniter))
 7 FCPATH\index.php(56): CodeIgniter\Boot::bootWeb(Object(Config\Paths))
CRITICAL - 2024-10-02 22:46:43 --> ErrorException: Undefined property: stdClass::$UserID
[Method: GET, Route: client/getClientInfo/4b506335a4e2732d1e8ff231b4f17f85]
in APPPATH\Controllers\Client.php on line 230.
 1 APPPATH\Controllers\Client.php(230): CodeIgniter\Debug\Exceptions->errorHandler(2, 'Undefined property: stdClass::$UserID', 'D:\\xampp\\htdocs\\cris\\app\\Controllers\\Client.php', 230)
 2 SYSTEMPATH\CodeIgniter.php(933): App\Controllers\Client->getClientInfo('4b506335a4e2732d1e8ff231b4f17f85')
 3 SYSTEMPATH\CodeIgniter.php(509): CodeIgniter\CodeIgniter->runController(Object(App\Controllers\Client))
 4 SYSTEMPATH\CodeIgniter.php(355): CodeIgniter\CodeIgniter->handleRequest(null, Object(Config\Cache), false)
 5 SYSTEMPATH\Boot.php(325): CodeIgniter\CodeIgniter->run()
 6 SYSTEMPATH\Boot.php(67): CodeIgniter\Boot::runCodeIgniter(Object(CodeIgniter\CodeIgniter))
 7 FCPATH\index.php(56): CodeIgniter\Boot::bootWeb(Object(Config\Paths))
INFO - 2024-10-02 22:51:14 --> Session: Class initialized using 'CodeIgniter\Session\Handlers\FileHandler' driver.
CRITICAL - 2024-10-02 22:51:16 --> ErrorException: Undefined property: stdClass::$UserID
[Method: GET, Route: client/getClientInfo/4b506335a4e2732d1e8ff231b4f17f85]
in APPPATH\Controllers\Client.php on line 230.
 1 APPPATH\Controllers\Client.php(230): CodeIgniter\Debug\Exceptions->errorHandler(2, 'Undefined property: stdClass::$UserID', 'D:\\xampp\\htdocs\\cris\\app\\Controllers\\Client.php', 230)
 2 SYSTEMPATH\CodeIgniter.php(933): App\Controllers\Client->getClientInfo('4b506335a4e2732d1e8ff231b4f17f85')
 3 SYSTEMPATH\CodeIgniter.php(509): CodeIgniter\CodeIgniter->runController(Object(App\Controllers\Client))
 4 SYSTEMPATH\CodeIgniter.php(355): CodeIgniter\CodeIgniter->handleRequest(null, Object(Config\Cache), false)
 5 SYSTEMPATH\Boot.php(325): CodeIgniter\CodeIgniter->run()
 6 SYSTEMPATH\Boot.php(67): CodeIgniter\Boot::runCodeIgniter(Object(CodeIgniter\CodeIgniter))
 7 FCPATH\index.php(56): CodeIgniter\Boot::bootWeb(Object(Config\Paths))
CRITICAL - 2024-10-02 22:51:33 --> ErrorException: Undefined property: stdClass::$UserID
[Method: GET, Route: client/getClientInfo/d18b4daed73da0cf12ac7d7da9e713ed]
in APPPATH\Controllers\Client.php on line 230.
 1 APPPATH\Controllers\Client.php(230): CodeIgniter\Debug\Exceptions->errorHandler(2, 'Undefined property: stdClass::$UserID', 'D:\\xampp\\htdocs\\cris\\app\\Controllers\\Client.php', 230)
 2 SYSTEMPATH\CodeIgniter.php(933): App\Controllers\Client->getClientInfo('d18b4daed73da0cf12ac7d7da9e713ed')
 3 SYSTEMPATH\CodeIgniter.php(509): CodeIgniter\CodeIgniter->runController(Object(App\Controllers\Client))
 4 SYSTEMPATH\CodeIgniter.php(355): CodeIgniter\CodeIgniter->handleRequest(null, Object(Config\Cache), false)
 5 SYSTEMPATH\Boot.php(325): CodeIgniter\CodeIgniter->run()
 6 SYSTEMPATH\Boot.php(67): CodeIgniter\Boot::runCodeIgniter(Object(CodeIgniter\CodeIgniter))
 7 FCPATH\index.php(56): CodeIgniter\Boot::bootWeb(Object(Config\Paths))
INFO - 2024-10-02 22:52:34 --> Session: Class initialized using 'CodeIgniter\Session\Handlers\FileHandler' driver.
INFO - 2024-10-02 22:52:35 --> Session: Class initialized using 'CodeIgniter\Session\Handlers\FileHandler' driver.
INFO - 2024-10-02 22:52:36 --> Session: Class initialized using 'CodeIgniter\Session\Handlers\FileHandler' driver.
INFO - 2024-10-02 22:52:37 --> Session: Class initialized using 'CodeIgniter\Session\Handlers\FileHandler' driver.
INFO - 2024-10-02 22:56:02 --> Session: Class initialized using 'CodeIgniter\Session\Handlers\FileHandler' driver.
INFO - 2024-10-02 22:56:03 --> Session: Class initialized using 'CodeIgniter\Session\Handlers\FileHandler' driver.
INFO - 2024-10-02 22:56:05 --> Session: Class initialized using 'CodeIgniter\Session\Handlers\FileHandler' driver.
INFO - 2024-10-02 22:56:06 --> Received hashed ApplicationNo: 4b506335a4e2732d1e8ff231b4f17f85
INFO - 2024-10-02 22:56:06 --> Client found for ApplicationNo: 15
CRITICAL - 2024-10-02 22:56:06 --> ErrorException: Undefined property: stdClass::$UserID
[Method: GET, Route: client/getClientInfo/4b506335a4e2732d1e8ff231b4f17f85]
in APPPATH\Controllers\Client.php on line 234.
 1 APPPATH\Controllers\Client.php(234): CodeIgniter\Debug\Exceptions->errorHandler(2, 'Undefined property: stdClass::$UserID', 'D:\\xampp\\htdocs\\cris\\app\\Controllers\\Client.php', 234)
 2 SYSTEMPATH\CodeIgniter.php(933): App\Controllers\Client->getClientInfo('4b506335a4e2732d1e8ff231b4f17f85')
 3 SYSTEMPATH\CodeIgniter.php(509): CodeIgniter\CodeIgniter->runController(Object(App\Controllers\Client))
 4 SYSTEMPATH\CodeIgniter.php(355): CodeIgniter\CodeIgniter->handleRequest(null, Object(Config\Cache), false)
 5 SYSTEMPATH\Boot.php(325): CodeIgniter\CodeIgniter->run()
 6 SYSTEMPATH\Boot.php(67): CodeIgniter\Boot::runCodeIgniter(Object(CodeIgniter\CodeIgniter))
 7 FCPATH\index.php(56): CodeIgniter\Boot::bootWeb(Object(Config\Paths))
INFO - 2024-10-02 22:58:21 --> Received hashed ApplicationNo: ca75ac253c433f45a42a81bd3d57efe1
INFO - 2024-10-02 22:58:21 --> Client found for ApplicationNo: 16
CRITICAL - 2024-10-02 22:58:21 --> ErrorException: Undefined property: stdClass::$UserID
[Method: GET, Route: client/getClientInfo/ca75ac253c433f45a42a81bd3d57efe1]
in APPPATH\Controllers\Client.php on line 234.
 1 APPPATH\Controllers\Client.php(234): CodeIgniter\Debug\Exceptions->errorHandler(2, 'Undefined property: stdClass::$UserID', 'D:\\xampp\\htdocs\\cris\\app\\Controllers\\Client.php', 234)
 2 SYSTEMPATH\CodeIgniter.php(933): App\Controllers\Client->getClientInfo('ca75ac253c433f45a42a81bd3d57efe1')
 3 SYSTEMPATH\CodeIgniter.php(509): CodeIgniter\CodeIgniter->runController(Object(App\Controllers\Client))
 4 SYSTEMPATH\CodeIgniter.php(355): CodeIgniter\CodeIgniter->handleRequest(null, Object(Config\Cache), false)
 5 SYSTEMPATH\Boot.php(325): CodeIgniter\CodeIgniter->run()
 6 SYSTEMPATH\Boot.php(67): CodeIgniter\Boot::runCodeIgniter(Object(CodeIgniter\CodeIgniter))
 7 FCPATH\index.php(56): CodeIgniter\Boot::bootWeb(Object(Config\Paths))
INFO - 2024-10-02 22:58:27 --> Received hashed ApplicationNo: 4b506335a4e2732d1e8ff231b4f17f85
INFO - 2024-10-02 22:58:27 --> Client found for ApplicationNo: 15
CRITICAL - 2024-10-02 22:58:27 --> ErrorException: Undefined property: stdClass::$UserID
[Method: GET, Route: client/getClientInfo/4b506335a4e2732d1e8ff231b4f17f85]
in APPPATH\Controllers\Client.php on line 234.
 1 APPPATH\Controllers\Client.php(234): CodeIgniter\Debug\Exceptions->errorHandler(2, 'Undefined property: stdClass::$UserID', 'D:\\xampp\\htdocs\\cris\\app\\Controllers\\Client.php', 234)
 2 SYSTEMPATH\CodeIgniter.php(933): App\Controllers\Client->getClientInfo('4b506335a4e2732d1e8ff231b4f17f85')
 3 SYSTEMPATH\CodeIgniter.php(509): CodeIgniter\CodeIgniter->runController(Object(App\Controllers\Client))
 4 SYSTEMPATH\CodeIgniter.php(355): CodeIgniter\CodeIgniter->handleRequest(null, Object(Config\Cache), false)
 5 SYSTEMPATH\Boot.php(325): CodeIgniter\CodeIgniter->run()
 6 SYSTEMPATH\Boot.php(67): CodeIgniter\Boot::runCodeIgniter(Object(CodeIgniter\CodeIgniter))
 7 FCPATH\index.php(56): CodeIgniter\Boot::bootWeb(Object(Config\Paths))
INFO - 2024-10-02 22:58:32 --> Received hashed ApplicationNo: 4b506335a4e2732d1e8ff231b4f17f85
INFO - 2024-10-02 22:58:32 --> Client found for ApplicationNo: 15
CRITICAL - 2024-10-02 22:58:32 --> ErrorException: Undefined property: stdClass::$UserID
[Method: GET, Route: client/getClientInfo/4b506335a4e2732d1e8ff231b4f17f85]
in APPPATH\Controllers\Client.php on line 234.
 1 APPPATH\Controllers\Client.php(234): CodeIgniter\Debug\Exceptions->errorHandler(2, 'Undefined property: stdClass::$UserID', 'D:\\xampp\\htdocs\\cris\\app\\Controllers\\Client.php', 234)
 2 SYSTEMPATH\CodeIgniter.php(933): App\Controllers\Client->getClientInfo('4b506335a4e2732d1e8ff231b4f17f85')
 3 SYSTEMPATH\CodeIgniter.php(509): CodeIgniter\CodeIgniter->runController(Object(App\Controllers\Client))
 4 SYSTEMPATH\CodeIgniter.php(355): CodeIgniter\CodeIgniter->handleRequest(null, Object(Config\Cache), false)
 5 SYSTEMPATH\Boot.php(325): CodeIgniter\CodeIgniter->run()
 6 SYSTEMPATH\Boot.php(67): CodeIgniter\Boot::runCodeIgniter(Object(CodeIgniter\CodeIgniter))
 7 FCPATH\index.php(56): CodeIgniter\Boot::bootWeb(Object(Config\Paths))
INFO - 2024-10-02 22:58:36 --> Session: Class initialized using 'CodeIgniter\Session\Handlers\FileHandler' driver.
INFO - 2024-10-02 22:58:38 --> Received hashed ApplicationNo: ca75ac253c433f45a42a81bd3d57efe1
INFO - 2024-10-02 22:58:38 --> Client found for ApplicationNo: 16
CRITICAL - 2024-10-02 22:58:38 --> ErrorException: Undefined property: stdClass::$UserID
[Method: GET, Route: client/getClientInfo/ca75ac253c433f45a42a81bd3d57efe1]
in APPPATH\Controllers\Client.php on line 234.
 1 APPPATH\Controllers\Client.php(234): CodeIgniter\Debug\Exceptions->errorHandler(2, 'Undefined property: stdClass::$UserID', 'D:\\xampp\\htdocs\\cris\\app\\Controllers\\Client.php', 234)
 2 SYSTEMPATH\CodeIgniter.php(933): App\Controllers\Client->getClientInfo('ca75ac253c433f45a42a81bd3d57efe1')
 3 SYSTEMPATH\CodeIgniter.php(509): CodeIgniter\CodeIgniter->runController(Object(App\Controllers\Client))
 4 SYSTEMPATH\CodeIgniter.php(355): CodeIgniter\CodeIgniter->handleRequest(null, Object(Config\Cache), false)
 5 SYSTEMPATH\Boot.php(325): CodeIgniter\CodeIgniter->run()
 6 SYSTEMPATH\Boot.php(67): CodeIgniter\Boot::runCodeIgniter(Object(CodeIgniter\CodeIgniter))
 7 FCPATH\index.php(56): CodeIgniter\Boot::bootWeb(Object(Config\Paths))
INFO - 2024-10-02 22:58:43 --> Received hashed ApplicationNo: d18b4daed73da0cf12ac7d7da9e713ed
INFO - 2024-10-02 22:58:43 --> Client found for ApplicationNo: 17
CRITICAL - 2024-10-02 22:58:43 --> ErrorException: Undefined property: stdClass::$UserID
[Method: GET, Route: client/getClientInfo/d18b4daed73da0cf12ac7d7da9e713ed]
in APPPATH\Controllers\Client.php on line 234.
 1 APPPATH\Controllers\Client.php(234): CodeIgniter\Debug\Exceptions->errorHandler(2, 'Undefined property: stdClass::$UserID', 'D:\\xampp\\htdocs\\cris\\app\\Controllers\\Client.php', 234)
 2 SYSTEMPATH\CodeIgniter.php(933): App\Controllers\Client->getClientInfo('d18b4daed73da0cf12ac7d7da9e713ed')
 3 SYSTEMPATH\CodeIgniter.php(509): CodeIgniter\CodeIgniter->runController(Object(App\Controllers\Client))
 4 SYSTEMPATH\CodeIgniter.php(355): CodeIgniter\CodeIgniter->handleRequest(null, Object(Config\Cache), false)
 5 SYSTEMPATH\Boot.php(325): CodeIgniter\CodeIgniter->run()
 6 SYSTEMPATH\Boot.php(67): CodeIgniter\Boot::runCodeIgniter(Object(CodeIgniter\CodeIgniter))
 7 FCPATH\index.php(56): CodeIgniter\Boot::bootWeb(Object(Config\Paths))
INFO - 2024-10-02 22:58:47 --> Session: Class initialized using 'CodeIgniter\Session\Handlers\FileHandler' driver.
INFO - 2024-10-02 22:58:49 --> Session: Class initialized using 'CodeIgniter\Session\Handlers\FileHandler' driver.
INFO - 2024-10-02 22:58:50 --> Session: Class initialized using 'CodeIgniter\Session\Handlers\FileHandler' driver.
INFO - 2024-10-02 22:58:51 --> Session: Class initialized using 'CodeIgniter\Session\Handlers\FileHandler' driver.
INFO - 2024-10-02 22:58:51 --> Session: Class initialized using 'CodeIgniter\Session\Handlers\FileHandler' driver.
INFO - 2024-10-02 22:58:53 --> Session: Class initialized using 'CodeIgniter\Session\Handlers\FileHandler' driver.
INFO - 2024-10-02 22:58:55 --> Session: Class initialized using 'CodeIgniter\Session\Handlers\FileHandler' driver.
INFO - 2024-10-02 22:58:56 --> Session: Class initialized using 'CodeIgniter\Session\Handlers\FileHandler' driver.
INFO - 2024-10-02 22:59:02 --> Received hashed ApplicationNo: ca75ac253c433f45a42a81bd3d57efe1
INFO - 2024-10-02 22:59:02 --> Client found for ApplicationNo: 16
CRITICAL - 2024-10-02 22:59:02 --> ErrorException: Undefined property: stdClass::$UserID
[Method: GET, Route: client/getClientInfo/ca75ac253c433f45a42a81bd3d57efe1]
in APPPATH\Controllers\Client.php on line 234.
 1 APPPATH\Controllers\Client.php(234): CodeIgniter\Debug\Exceptions->errorHandler(2, 'Undefined property: stdClass::$UserID', 'D:\\xampp\\htdocs\\cris\\app\\Controllers\\Client.php', 234)
 2 SYSTEMPATH\CodeIgniter.php(933): App\Controllers\Client->getClientInfo('ca75ac253c433f45a42a81bd3d57efe1')
 3 SYSTEMPATH\CodeIgniter.php(509): CodeIgniter\CodeIgniter->runController(Object(App\Controllers\Client))
 4 SYSTEMPATH\CodeIgniter.php(355): CodeIgniter\CodeIgniter->handleRequest(null, Object(Config\Cache), false)
 5 SYSTEMPATH\Boot.php(325): CodeIgniter\CodeIgniter->run()
 6 SYSTEMPATH\Boot.php(67): CodeIgniter\Boot::runCodeIgniter(Object(CodeIgniter\CodeIgniter))
 7 FCPATH\index.php(56): CodeIgniter\Boot::bootWeb(Object(Config\Paths))
INFO - 2024-10-02 22:59:48 --> Session: Class initialized using 'CodeIgniter\Session\Handlers\FileHandler' driver.
INFO - 2024-10-02 22:59:50 --> Received hashed ApplicationNo: 4b506335a4e2732d1e8ff231b4f17f85
INFO - 2024-10-02 22:59:50 --> Client found for ApplicationNo: 15
CRITICAL - 2024-10-02 22:59:50 --> ErrorException: Undefined property: stdClass::$UserID
[Method: GET, Route: client/getClientInfo/4b506335a4e2732d1e8ff231b4f17f85]
in APPPATH\Controllers\Client.php on line 234.
 1 APPPATH\Controllers\Client.php(234): CodeIgniter\Debug\Exceptions->errorHandler(2, 'Undefined property: stdClass::$UserID', 'D:\\xampp\\htdocs\\cris\\app\\Controllers\\Client.php', 234)
 2 SYSTEMPATH\CodeIgniter.php(933): App\Controllers\Client->getClientInfo('4b506335a4e2732d1e8ff231b4f17f85')
 3 SYSTEMPATH\CodeIgniter.php(509): CodeIgniter\CodeIgniter->runController(Object(App\Controllers\Client))
 4 SYSTEMPATH\CodeIgniter.php(355): CodeIgniter\CodeIgniter->handleRequest(null, Object(Config\Cache), false)
 5 SYSTEMPATH\Boot.php(325): CodeIgniter\CodeIgniter->run()
 6 SYSTEMPATH\Boot.php(67): CodeIgniter\Boot::runCodeIgniter(Object(CodeIgniter\CodeIgniter))
 7 FCPATH\index.php(56): CodeIgniter\Boot::bootWeb(Object(Config\Paths))
INFO - 2024-10-02 23:01:17 --> Received hashed ApplicationNo: 4b506335a4e2732d1e8ff231b4f17f85
INFO - 2024-10-02 23:01:17 --> Client found for ApplicationNo: 15
CRITICAL - 2024-10-02 23:01:17 --> ErrorException: Undefined property: stdClass::$UserID
[Method: GET, Route: client/getClientInfo/4b506335a4e2732d1e8ff231b4f17f85]
in APPPATH\Controllers\Client.php on line 234.
 1 APPPATH\Controllers\Client.php(234): CodeIgniter\Debug\Exceptions->errorHandler(2, 'Undefined property: stdClass::$UserID', 'D:\\xampp\\htdocs\\cris\\app\\Controllers\\Client.php', 234)
 2 SYSTEMPATH\CodeIgniter.php(933): App\Controllers\Client->getClientInfo('4b506335a4e2732d1e8ff231b4f17f85')
 3 SYSTEMPATH\CodeIgniter.php(509): CodeIgniter\CodeIgniter->runController(Object(App\Controllers\Client))
 4 SYSTEMPATH\CodeIgniter.php(355): CodeIgniter\CodeIgniter->handleRequest(null, Object(Config\Cache), false)
 5 SYSTEMPATH\Boot.php(325): CodeIgniter\CodeIgniter->run()
 6 SYSTEMPATH\Boot.php(67): CodeIgniter\Boot::runCodeIgniter(Object(CodeIgniter\CodeIgniter))
 7 FCPATH\index.php(56): CodeIgniter\Boot::bootWeb(Object(Config\Paths))
INFO - 2024-10-02 23:01:51 --> Received hashed ApplicationNo: d18b4daed73da0cf12ac7d7da9e713ed
INFO - 2024-10-02 23:01:51 --> Client found for ApplicationNo: 17
CRITICAL - 2024-10-02 23:01:51 --> ErrorException: Undefined property: stdClass::$UserID
[Method: GET, Route: client/getClientInfo/d18b4daed73da0cf12ac7d7da9e713ed]
in APPPATH\Controllers\Client.php on line 234.
 1 APPPATH\Controllers\Client.php(234): CodeIgniter\Debug\Exceptions->errorHandler(2, 'Undefined property: stdClass::$UserID', 'D:\\xampp\\htdocs\\cris\\app\\Controllers\\Client.php', 234)
 2 SYSTEMPATH\CodeIgniter.php(933): App\Controllers\Client->getClientInfo('d18b4daed73da0cf12ac7d7da9e713ed')
 3 SYSTEMPATH\CodeIgniter.php(509): CodeIgniter\CodeIgniter->runController(Object(App\Controllers\Client))
 4 SYSTEMPATH\CodeIgniter.php(355): CodeIgniter\CodeIgniter->handleRequest(null, Object(Config\Cache), false)
 5 SYSTEMPATH\Boot.php(325): CodeIgniter\CodeIgniter->run()
 6 SYSTEMPATH\Boot.php(67): CodeIgniter\Boot::runCodeIgniter(Object(CodeIgniter\CodeIgniter))
 7 FCPATH\index.php(56): CodeIgniter\Boot::bootWeb(Object(Config\Paths))
INFO - 2024-10-02 23:08:22 --> Session: Class initialized using 'CodeIgniter\Session\Handlers\FileHandler' driver.
INFO - 2024-10-02 23:08:23 --> Generated Query: SELECT *
FROM `tblregistration`
WHERE MD5(CONCAT(ApplicationNo, "Confirm")) = '4b506335a4e2732d1e8ff231b4f17f85'
 LIMIT 1
INFO - 2024-10-02 23:08:23 --> Client found for ApplicationNo: 15
CRITICAL - 2024-10-02 23:08:23 --> ErrorException: Undefined property: stdClass::$CreateDate
[Method: GET, Route: client/getClientInfo/4b506335a4e2732d1e8ff231b4f17f85]
in APPPATH\Controllers\Client.php on line 243.
 1 APPPATH\Controllers\Client.php(243): CodeIgniter\Debug\Exceptions->errorHandler(2, 'Undefined property: stdClass::$CreateDate', 'D:\\xampp\\htdocs\\cris\\app\\Controllers\\Client.php', 243)
 2 SYSTEMPATH\CodeIgniter.php(933): App\Controllers\Client->getClientInfo('4b506335a4e2732d1e8ff231b4f17f85')
 3 SYSTEMPATH\CodeIgniter.php(509): CodeIgniter\CodeIgniter->runController(Object(App\Controllers\Client))
 4 SYSTEMPATH\CodeIgniter.php(355): CodeIgniter\CodeIgniter->handleRequest(null, Object(Config\Cache), false)
 5 SYSTEMPATH\Boot.php(325): CodeIgniter\CodeIgniter->run()
 6 SYSTEMPATH\Boot.php(67): CodeIgniter\Boot::runCodeIgniter(Object(CodeIgniter\CodeIgniter))
 7 FCPATH\index.php(56): CodeIgniter\Boot::bootWeb(Object(Config\Paths))
INFO - 2024-10-02 23:08:29 --> Generated Query: SELECT *
FROM `tblregistration`
WHERE MD5(CONCAT(ApplicationNo, "Confirm")) = 'd18b4daed73da0cf12ac7d7da9e713ed'
 LIMIT 1
INFO - 2024-10-02 23:08:29 --> Client found for ApplicationNo: 17
CRITICAL - 2024-10-02 23:08:29 --> ErrorException: Undefined property: stdClass::$CreateDate
[Method: GET, Route: client/getClientInfo/d18b4daed73da0cf12ac7d7da9e713ed]
in APPPATH\Controllers\Client.php on line 243.
 1 APPPATH\Controllers\Client.php(243): CodeIgniter\Debug\Exceptions->errorHandler(2, 'Undefined property: stdClass::$CreateDate', 'D:\\xampp\\htdocs\\cris\\app\\Controllers\\Client.php', 243)
 2 SYSTEMPATH\CodeIgniter.php(933): App\Controllers\Client->getClientInfo('d18b4daed73da0cf12ac7d7da9e713ed')
 3 SYSTEMPATH\CodeIgniter.php(509): CodeIgniter\CodeIgniter->runController(Object(App\Controllers\Client))
 4 SYSTEMPATH\CodeIgniter.php(355): CodeIgniter\CodeIgniter->handleRequest(null, Object(Config\Cache), false)
 5 SYSTEMPATH\Boot.php(325): CodeIgniter\CodeIgniter->run()
 6 SYSTEMPATH\Boot.php(67): CodeIgniter\Boot::runCodeIgniter(Object(CodeIgniter\CodeIgniter))
 7 FCPATH\index.php(56): CodeIgniter\Boot::bootWeb(Object(Config\Paths))
INFO - 2024-10-02 23:08:33 --> Session: Class initialized using 'CodeIgniter\Session\Handlers\FileHandler' driver.
INFO - 2024-10-02 23:08:35 --> Session: Class initialized using 'CodeIgniter\Session\Handlers\FileHandler' driver.
INFO - 2024-10-02 23:08:36 --> Generated Query: SELECT *
FROM `tblregistration`
WHERE MD5(CONCAT(ApplicationNo, "Confirm")) = '4b506335a4e2732d1e8ff231b4f17f85'
 LIMIT 1
INFO - 2024-10-02 23:08:36 --> Client found for ApplicationNo: 15
CRITICAL - 2024-10-02 23:08:36 --> ErrorException: Undefined property: stdClass::$CreateDate
[Method: GET, Route: client/getClientInfo/4b506335a4e2732d1e8ff231b4f17f85]
in APPPATH\Controllers\Client.php on line 243.
 1 APPPATH\Controllers\Client.php(243): CodeIgniter\Debug\Exceptions->errorHandler(2, 'Undefined property: stdClass::$CreateDate', 'D:\\xampp\\htdocs\\cris\\app\\Controllers\\Client.php', 243)
 2 SYSTEMPATH\CodeIgniter.php(933): App\Controllers\Client->getClientInfo('4b506335a4e2732d1e8ff231b4f17f85')
 3 SYSTEMPATH\CodeIgniter.php(509): CodeIgniter\CodeIgniter->runController(Object(App\Controllers\Client))
 4 SYSTEMPATH\CodeIgniter.php(355): CodeIgniter\CodeIgniter->handleRequest(null, Object(Config\Cache), false)
 5 SYSTEMPATH\Boot.php(325): CodeIgniter\CodeIgniter->run()
 6 SYSTEMPATH\Boot.php(67): CodeIgniter\Boot::runCodeIgniter(Object(CodeIgniter\CodeIgniter))
 7 FCPATH\index.php(56): CodeIgniter\Boot::bootWeb(Object(Config\Paths))
INFO - 2024-10-02 23:09:32 --> Session: Class initialized using 'CodeIgniter\Session\Handlers\FileHandler' driver.
INFO - 2024-10-02 23:09:33 --> Session: Class initialized using 'CodeIgniter\Session\Handlers\FileHandler' driver.
INFO - 2024-10-02 23:09:35 --> Session: Class initialized using 'CodeIgniter\Session\Handlers\FileHandler' driver.
INFO - 2024-10-02 23:09:36 --> Session: Class initialized using 'CodeIgniter\Session\Handlers\FileHandler' driver.
INFO - 2024-10-02 23:09:37 --> Generated Query: SELECT *
FROM `tblregistration`
WHERE MD5(CONCAT(ApplicationNo, "Confirm")) = '4b506335a4e2732d1e8ff231b4f17f85'
 LIMIT 1
INFO - 2024-10-02 23:09:37 --> Client found for ApplicationNo: 15
CRITICAL - 2024-10-02 23:09:37 --> ErrorException: Undefined property: stdClass::$CreateDate
[Method: GET, Route: client/getClientInfo/4b506335a4e2732d1e8ff231b4f17f85]
in APPPATH\Controllers\Client.php on line 243.
 1 APPPATH\Controllers\Client.php(243): CodeIgniter\Debug\Exceptions->errorHandler(2, 'Undefined property: stdClass::$CreateDate', 'D:\\xampp\\htdocs\\cris\\app\\Controllers\\Client.php', 243)
 2 SYSTEMPATH\CodeIgniter.php(933): App\Controllers\Client->getClientInfo('4b506335a4e2732d1e8ff231b4f17f85')
 3 SYSTEMPATH\CodeIgniter.php(509): CodeIgniter\CodeIgniter->runController(Object(App\Controllers\Client))
 4 SYSTEMPATH\CodeIgniter.php(355): CodeIgniter\CodeIgniter->handleRequest(null, Object(Config\Cache), false)
 5 SYSTEMPATH\Boot.php(325): CodeIgniter\CodeIgniter->run()
 6 SYSTEMPATH\Boot.php(67): CodeIgniter\Boot::runCodeIgniter(Object(CodeIgniter\CodeIgniter))
 7 FCPATH\index.php(56): CodeIgniter\Boot::bootWeb(Object(Config\Paths))
INFO - 2024-10-02 23:15:26 --> Session: Class initialized using 'CodeIgniter\Session\Handlers\FileHandler' driver.
INFO - 2024-10-02 23:15:26 --> Original ApplicationNo: 15
INFO - 2024-10-02 23:15:26 --> Hashed ApplicationNo for Confirm: 4b506335a4e2732d1e8ff231b4f17f85
INFO - 2024-10-02 23:15:26 --> Original ApplicationNo: 16
INFO - 2024-10-02 23:15:26 --> Hashed ApplicationNo for Confirm: ca75ac253c433f45a42a81bd3d57efe1
INFO - 2024-10-02 23:15:26 --> Original ApplicationNo: 17
INFO - 2024-10-02 23:15:26 --> Hashed ApplicationNo for Confirm: d18b4daed73da0cf12ac7d7da9e713ed
INFO - 2024-10-02 23:15:27 --> Received ApplicationNo: 4b506335a4e2732d1e8ff231b4f17f85
INFO - 2024-10-02 23:15:27 --> Generated Query: SELECT *
FROM `tblregistration`
WHERE `ApplicationNo` = '4b506335a4e2732d1e8ff231b4f17f85'
 LIMIT 1
ERROR - 2024-10-02 23:15:27 --> Client not found for ApplicationNo: 4b506335a4e2732d1e8ff231b4f17f85
INFO - 2024-10-02 23:15:31 --> Received ApplicationNo: ca75ac253c433f45a42a81bd3d57efe1
INFO - 2024-10-02 23:15:31 --> Generated Query: SELECT *
FROM `tblregistration`
WHERE `ApplicationNo` = 'ca75ac253c433f45a42a81bd3d57efe1'
 LIMIT 1
ERROR - 2024-10-02 23:15:31 --> Client not found for ApplicationNo: ca75ac253c433f45a42a81bd3d57efe1
INFO - 2024-10-02 23:15:34 --> Received ApplicationNo: d18b4daed73da0cf12ac7d7da9e713ed
INFO - 2024-10-02 23:15:34 --> Generated Query: SELECT *
FROM `tblregistration`
WHERE `ApplicationNo` = 'd18b4daed73da0cf12ac7d7da9e713ed'
 LIMIT 1
ERROR - 2024-10-02 23:15:34 --> Client not found for ApplicationNo: d18b4daed73da0cf12ac7d7da9e713ed
INFO - 2024-10-02 23:15:52 --> Session: Class initialized using 'CodeIgniter\Session\Handlers\FileHandler' driver.
INFO - 2024-10-02 23:15:53 --> Received ApplicationNo: 4b506335a4e2732d1e8ff231b4f17f85
INFO - 2024-10-02 23:15:53 --> Generated Query: SELECT *
FROM `tblregistration`
WHERE `ApplicationNo` = '4b506335a4e2732d1e8ff231b4f17f85'
 LIMIT 1
ERROR - 2024-10-02 23:15:53 --> Client not found for ApplicationNo: 4b506335a4e2732d1e8ff231b4f17f85
INFO - 2024-10-02 23:16:50 --> Session: Class initialized using 'CodeIgniter\Session\Handlers\FileHandler' driver.
INFO - 2024-10-02 23:16:51 --> Session: Class initialized using 'CodeIgniter\Session\Handlers\FileHandler' driver.
INFO - 2024-10-02 23:16:53 --> Session: Class initialized using 'CodeIgniter\Session\Handlers\FileHandler' driver.
INFO - 2024-10-02 23:16:55 --> Session: Class initialized using 'CodeIgniter\Session\Handlers\FileHandler' driver.
INFO - 2024-10-02 23:16:58 --> Received ApplicationNo: 4b506335a4e2732d1e8ff231b4f17f85
INFO - 2024-10-02 23:16:59 --> Generated Query: SELECT *
FROM `tblregistration`
WHERE `ApplicationNo` = '4b506335a4e2732d1e8ff231b4f17f85'
 LIMIT 1
ERROR - 2024-10-02 23:16:59 --> Client not found for ApplicationNo: 4b506335a4e2732d1e8ff231b4f17f85
CRITICAL - 2024-10-02 23:17:17 --> ErrorException: Undefined array key "contactNo"
[Method: POST, Route: client/sendSms]
in APPPATH\Controllers\Client.php on line 255.
 1 APPPATH\Controllers\Client.php(255): CodeIgniter\Debug\Exceptions->errorHandler(2, 'Undefined array key "contactNo"', 'D:\\xampp\\htdocs\\cris\\app\\Controllers\\Client.php', 255)
 2 SYSTEMPATH\CodeIgniter.php(933): App\Controllers\Client->sendSms()
 3 SYSTEMPATH\CodeIgniter.php(509): CodeIgniter\CodeIgniter->runController(Object(App\Controllers\Client))
 4 SYSTEMPATH\CodeIgniter.php(355): CodeIgniter\CodeIgniter->handleRequest(null, Object(Config\Cache), false)
 5 SYSTEMPATH\Boot.php(325): CodeIgniter\CodeIgniter->run()
 6 SYSTEMPATH\Boot.php(67): CodeIgniter\Boot::runCodeIgniter(Object(CodeIgniter\CodeIgniter))
 7 FCPATH\index.php(56): CodeIgniter\Boot::bootWeb(Object(Config\Paths))
INFO - 2024-10-02 23:17:43 --> Session: Class initialized using 'CodeIgniter\Session\Handlers\FileHandler' driver.
INFO - 2024-10-02 23:17:44 --> Session: Class initialized using 'CodeIgniter\Session\Handlers\FileHandler' driver.
INFO - 2024-10-02 23:17:45 --> Session: Class initialized using 'CodeIgniter\Session\Handlers\FileHandler' driver.
INFO - 2024-10-02 23:17:47 --> Session: Class initialized using 'CodeIgniter\Session\Handlers\FileHandler' driver.
INFO - 2024-10-02 23:17:49 --> Session: Class initialized using 'CodeIgniter\Session\Handlers\FileHandler' driver.
INFO - 2024-10-02 23:17:50 --> Session: Class initialized using 'CodeIgniter\Session\Handlers\FileHandler' driver.
INFO - 2024-10-02 23:17:54 --> Session: Class initialized using 'CodeIgniter\Session\Handlers\FileHandler' driver.
INFO - 2024-10-02 23:18:01 --> Session: Class initialized using 'CodeIgniter\Session\Handlers\FileHandler' driver.
INFO - 2024-10-02 23:18:04 --> Session: Class initialized using 'CodeIgniter\Session\Handlers\FileHandler' driver.
INFO - 2024-10-02 23:18:08 --> Session: Class initialized using 'CodeIgniter\Session\Handlers\FileHandler' driver.
INFO - 2024-10-02 23:18:20 --> Session: Class initialized using 'CodeIgniter\Session\Handlers\FileHandler' driver.
INFO - 2024-10-02 23:18:23 --> Session: Class initialized using 'CodeIgniter\Session\Handlers\FileHandler' driver.
INFO - 2024-10-02 23:18:26 --> Session: Class initialized using 'CodeIgniter\Session\Handlers\FileHandler' driver.
INFO - 2024-10-02 23:18:28 --> Session: Class initialized using 'CodeIgniter\Session\Handlers\FileHandler' driver.
INFO - 2024-10-02 23:18:31 --> Session: Class initialized using 'CodeIgniter\Session\Handlers\FileHandler' driver.
INFO - 2024-10-02 23:18:41 --> Session: Class initialized using 'CodeIgniter\Session\Handlers\FileHandler' driver.
INFO - 2024-10-02 23:18:53 --> Session: Class initialized using 'CodeIgniter\Session\Handlers\FileHandler' driver.
INFO - 2024-10-02 23:18:56 --> Session: Class initialized using 'CodeIgniter\Session\Handlers\FileHandler' driver.
INFO - 2024-10-02 23:19:03 --> Session: Class initialized using 'CodeIgniter\Session\Handlers\FileHandler' driver.
INFO - 2024-10-02 23:19:07 --> Session: Class initialized using 'CodeIgniter\Session\Handlers\FileHandler' driver.
